<?xml version="1.0" encoding="UTF-8" ?>
<testsuite errors="0" failures="0" hostname="Orion" name="Korttipakka.PelipakkaTest" tests="8" time="0.08" timestamp="2012-04-11T18:36:45">
  <properties>
    <property name="default.javac.source" value="1.6" />
    <property name="file.encoding.pkg" value="sun.io" />
    <property name="jnlp.signing.alias" value="" />
    <property name="libs.toplink.maven-pom" value="" />
    <property name="javac.source" value="1.6" />
    <property name="java.home" value="/usr/lib/jvm/java-6-openjdk/jre" />
    <property name="libs.eclipselinkmodelgen.classpath" value="/home/atte/netbeans-7.0.1/java/modules/ext/eclipselink/eclipselink-jpa-modelgen-2.2.0.jar" />
    <property name="libs.TestNG-6.0.1.src" value="" />
    <property name="test.src.dir" value="test" />
    <property name="libs.jaxws21.src" value="" />
    <property name="javadoc.version" value="false" />
    <property name="jnlp.mixed.code" value="default" />
    <property name="ant.file.type.Pasianssi-impl" value="file" />
    <property name="libs.CopyLibs.classpath" value="/home/atte/netbeans-7.0.1/java/ant/extra/org-netbeans-modules-java-j2seproject-copylibstask.jar" />
    <property name="libs.javac-api.src" value="" />
    <property name="java.endorsed.dirs" value="/usr/lib/jvm/java-6-openjdk/jre/lib/endorsed" />
    <property name="libs.MySQLDriver.classpath" value="/home/atte/netbeans-7.0.1/ide/modules/ext/mysql-connector-java-5.1.13-bin.jar" />
    <property name="libs.jaxb.javadoc" value="/home/atte/netbeans-7.0.1/ide/docs/jaxb-api-doc.zip" />
    <property name="libs.junit.maven-pom" value="" />
    <property name="libs.PostgreSQLDriver.src" value="" />
    <property name="src.dir" value="src" />
    <property name="sun.java2d.noddraw" value="true" />
    <property name="debug-args-line" value="-Xdebug" />
    <property name="netbeans.hash.code" value="unique=NB_JAVA038614f0d-3a52-4acd-b539-d00ef9ea6125_bef8ed9a-643a-4b3c-9e0f-3cf7eee9bcb9" />
    <property name="build.sysclasspath" value="ignore" />
    <property name="have.sources" value="true" />
    <property name="includes" value="**" />
    <property name="javac.fork" value="false" />
    <property name="source.encoding" value="UTF-8" />
    <property name="libs.jaxws21.classpath" value="/home/atte/netbeans-7.0.1/ide/modules/ext/jaxb/jaxb-impl.jar:/home/atte/netbeans-7.0.1/ide/modules/ext/jaxb/jaxb-xjc.jar:/home/atte/netbeans-7.0.1/java/modules/ext/jaxws22/FastInfoset.jar:/home/atte/netbeans-7.0.1/java/modules/ext/jaxws22/gmbal-api-only.jar:/home/atte/netbeans-7.0.1/java/modules/ext/jaxws22/http.jar:/home/atte/netbeans-7.0.1/java/modules/ext/jaxws22/jaxws-rt.jar:/home/atte/netbeans-7.0.1/java/modules/ext/jaxws22/jaxws-tools.jar:/home/atte/netbeans-7.0.1/java/modules/ext/jaxws22/management-api.jar:/home/atte/netbeans-7.0.1/java/modules/ext/jaxws22/mimepull.jar:/home/atte/netbeans-7.0.1/java/modules/ext/jaxws22/policy.jar:/home/atte/netbeans-7.0.1/java/modules/ext/jaxws22/saaj-impl.jar:/home/atte/netbeans-7.0.1/java/modules/ext/jaxws22/stax-ex.jar:/home/atte/netbeans-7.0.1/java/modules/ext/jaxws22/streambuffer.jar:/home/atte/netbeans-7.0.1/java/modules/ext/jaxws22/woodstox.jar:/home/atte/netbeans-7.0.1/java/modules/ext/jaxws22/api/jaxws-api.jar:/home/atte/netbeans-7.0.1/java/modules/ext/jaxws22/api/jsr181-api.jar:/home/atte/netbeans-7.0.1/java/modules/ext/jaxws22/api/jsr250-api.jar:/home/atte/netbeans-7.0.1/java/modules/ext/jaxws22/api/saaj-api.jar:/home/atte/netbeans-7.0.1/ide/modules/ext/jaxb/activation.jar:/home/atte/netbeans-7.0.1/ide/modules/ext/jaxb/api/jaxb-api.jar:/home/atte/netbeans-7.0.1/ide/modules/ext/jaxb/api/jsr173_api.jar" />
    <property name="libs.swing-app-framework.javadoc" value="/home/atte/netbeans-7.0.1/java/docs/appframework-1.0.3-doc.zip" />
    <property name="sun.os.patch.level" value="unknown" />
    <property name="java.vendor.url" value="http://java.sun.com/" />
    <property name="libs.TestNG-6.0.1.classpath" value="/home/atte/.netbeans/7.0/modules/ext/testng/testng-6.0.1.jar" />
    <property name="java.version" value="1.6.0_18" />
    <property name="nb.show.statistics.ui" value="usageStatisticsEnabled" />
    <property name="javac.debug" value="true" />
    <property name="org.openide.major.version" value="IDE/1" />
    <property name="run.classpath" value=":build/classes" />
    <property name="libs.PostgreSQLDriver.maven-pom" value="" />
    <property name="java.vendor.url.bug" value="http://java.sun.com/cgi-bin/bugreport.cgi" />
    <property name="netbeans.autoupdate.variant" value="" />
    <property name="libs.eclipselink.javadoc" value="" />
    <property name="libs.absolutelayout.javadoc" value="" />
    <property name="libs.junit_4.maven-pom" value="" />
    <property name="netbeans.buildnumber" value="201107282000" />
    <property name="ant.project.invoked-targets" value="test" />
    <property name="jna.platform.library.path" value="/usr/lib:/lib" />
    <property name="annotation.processing.run.all.processors" value="true" />
    <property name="manifest.file" value="manifest.mf" />
    <property name="libs.swing-app-framework.maven-pom" value="" />
    <property name="user.name" value="atte" />
    <property name="jnlp.enabled" value="false" />
    <property name="libs.eclipselinkmodelgen.src" value="" />
    <property name="empty.dir" value="/home/atte/NetBeansProjects/Pasianssi/build/empty" />
    <property name="sun.io.unicode.encoding" value="UnicodeLittle" />
    <property name="sun.jnu.encoding" value="UTF-8" />
    <property name="java.runtime.name" value="OpenJDK Runtime Environment" />
    <property name="application.vendor" value="Adio" />
    <property name="jdk.home" value="/usr/lib/jvm/default-java" />
    <property name="ant.file.Pasianssi-impl" value="/home/atte/NetBeansProjects/Pasianssi/nbproject/build-impl.xml" />
    <property name="netbeans.autoupdate.version" value="1.23" />
    <property name="netbeans.dirs" value="/home/atte/netbeans-7.0.1/nb:/home/atte/netbeans-7.0.1/bin/../ergonomics:/home/atte/netbeans-7.0.1/ide:/home/atte/netbeans-7.0.1/java:/home/atte/netbeans-7.0.1/bin/../xml:/home/atte/netbeans-7.0.1/apisupport:/home/atte/netbeans-7.0.1/bin/../webcommon:/home/atte/netbeans-7.0.1/websvccommon:/home/atte/netbeans-7.0.1/enterprise:/home/atte/netbeans-7.0.1/bin/../mobility:/home/atte/netbeans-7.0.1/profiler:/home/atte/netbeans-7.0.1/ruby:/home/atte/netbeans-7.0.1/bin/../python:/home/atte/netbeans-7.0.1/bin/../php:/home/atte/netbeans-7.0.1/bin/../visualweb:/home/atte/netbeans-7.0.1/bin/../soa:/home/atte/netbeans-7.0.1/bin/../identity:/home/atte/netbeans-7.0.1/bin/../uml:/home/atte/netbeans-7.0.1/harness:/home/atte/netbeans-7.0.1/cnd:/home/atte/netbeans-7.0.1/dlight:/home/atte/netbeans-7.0.1/bin/../groovy:/home/atte/netbeans-7.0.1/bin/../extra:/home/atte/netbeans-7.0.1/bin/../javafx:/home/atte/netbeans-7.0.1/bin/../javacard:" />
    <property name="java.specification.name" value="Java Platform API Specification" />
    <property name="javadoc.author" value="false" />
    <property name="libs.hibernate-support.javadoc" value="" />
    <property name="ap.proc.none.internal" value="" />
    <property name="user.timezone" value="" />
    <property name="manifest.available" value="true" />
    <property name="libs.spring-framework.maven-pom" value="" />
    <property name="libs.swing-layout.maven-pom" value="" />
    <property name="libs.junit.javadoc" value="/home/atte/netbeans-7.0.1/java/docs/junit-3.8.2-api.zip" />
    <property name="org.openide.specification.version" value="6.2" />
    <property name="path.separator" value=":" />
    <property name="version-output" value="java version &quot;1.6" />
    <property name="libs.ejb3-persistence.src" value="" />
    <property name="libs.absolutelayout.classpath" value="/home/atte/netbeans-7.0.1/java/modules/ext/AbsoluteLayout.jar" />
    <property name="libs.jaxb.maven-pom" value="" />
    <property name="jnlp.signing" value="" />
    <property name="netbeans.accept_license_class" value="org.netbeans.license.AcceptLicense" />
    <property name="file.encoding" value="UTF-8" />
    <property name="libs.eclipselink.src" value="" />
    <property name="dist.javadoc.dir" value="dist/javadoc" />
    <property name="ant.project.default-target" value="default" />
    <property name="libs.hibernate-persistence.javadoc" value="" />
    <property name="libs.ejb3-persistence.classpath" value="/home/atte/netbeans-7.0.1/java/modules/ext/hibernate/ejb3-persistence.jar" />
    <property name="built-jar.properties" value="/home/atte/NetBeansProjects/Pasianssi/build/built-jar.properties" />
    <property name="libs.junit.src" value="" />
    <property name="ant.junit.enabletestlistenerevents" value="true" />
    <property name="ant.file" value="/home/atte/NetBeansProjects/Pasianssi/build.xml" />
    <property name="libs.junit_4.src" value="/home/atte/netbeans-7.0.1/java/docs/junit-4.8.2-src.jar" />
    <property name="netbeans.autoupdate.language" value="en" />
    <property name="do.jar" value="true" />
    <property name="java.io.tmpdir" value="/tmp" />
    <property name="build.test.results.dir" value="build/test/results" />
    <property name="user.language" value="en" />
    <property name="libs.spring-framework300.src" value="" />
    <property name="line.separator" value="&#xa;" />
    <property name="apple.laf.useScreenMenuBar" value="true" />
    <property name="libs.absolutelayout.src" value="" />
    <property name="javac.compilerargs" value="" />
    <property name="ant.file.type.Pasianssi" value="file" />
    <property name="libs.hibernate-support.maven-pom" value="" />
    <property name="jar.compress" value="false" />
    <property name="debug-transport-by-os" value="dt_socket" />
    <property name="libs.JWSAntTasks.src" value="" />
    <property name="libs.hibernate-persistence.maven-pom" value="" />
    <property name="java.vm.info" value="mixed mode" />
    <property name="libs.javac-api.maven-pom" value="" />
    <property name="javadoc.private" value="true" />
    <property name="annotation.processing.processors.list" value="" />
    <property name="java.vm.specification.name" value="Java Virtual Machine Specification" />
    <property name="build.test.classes.dir" value="build/test/classes" />
    <property name="libs.jaxb.src" value="" />
    <property name="libs.MySQLDriver.javadoc" value="" />
    <property name="netbeans.dynamic.classpath" value="/home/atte/netbeans-7.0.1/platform/core/org-openide-filesystems.jar:/home/atte/netbeans-7.0.1/platform/core/core.jar:/home/atte/netbeans-7.0.1/platform/core/locale/core_pt_BR.jar:/home/atte/netbeans-7.0.1/platform/core/locale/org-openide-filesystems_zh_CN.jar:/home/atte/netbeans-7.0.1/platform/core/locale/core_ja.jar:/home/atte/netbeans-7.0.1/platform/core/locale/org-openide-filesystems_ja.jar:/home/atte/netbeans-7.0.1/platform/core/locale/org-openide-filesystems_pt_BR.jar:/home/atte/netbeans-7.0.1/platform/core/locale/core_ru.jar:/home/atte/netbeans-7.0.1/platform/core/locale/org-openide-filesystems_ru.jar:/home/atte/netbeans-7.0.1/platform/core/locale/core_zh_CN.jar:/home/atte/netbeans-7.0.1/nb/core/org-netbeans-upgrader.jar:/home/atte/netbeans-7.0.1/nb/core/locale/org-netbeans-upgrader_pt_BR.jar:/home/atte/netbeans-7.0.1/nb/core/locale/core_nb_ja.jar:/home/atte/netbeans-7.0.1/nb/core/locale/core_nb_zh_CN.jar:/home/atte/netbeans-7.0.1/nb/core/locale/org-netbeans-upgrader_ru.jar:/home/atte/netbeans-7.0.1/nb/core/locale/core_nb_pt_BR.jar:/home/atte/netbeans-7.0.1/nb/core/locale/core_nb_ru.jar:/home/atte/netbeans-7.0.1/nb/core/locale/core_nb.jar:/home/atte/netbeans-7.0.1/nb/core/locale/org-netbeans-upgrader_ja.jar:/home/atte/netbeans-7.0.1/nb/core/locale/org-netbeans-upgrader_zh_CN.jar" />
    <property name="guice.disable.misplaced.annotation.check" value="true" />
    <property name="libs.beans-binding.javadoc" value="/home/atte/netbeans-7.0.1/java/docs/beansbinding-1.2.1-doc.zip" />
    <property name="platform.active" value="default_platform" />
    <property name="ap.cmd.line.internal" value="" />
    <property name="jdkBug6558476" value="false" />
    <property name="libs.TestNG-6.0.1.javadoc" value="/home/atte/.netbeans/7.0/modules/ext/testng/testng-6.0.1-javadoc.jar" />
    <property name="libs.spring-framework300.classpath" value="/home/atte/netbeans-7.0.1/ide/modules/ext/commons-logging-1.1.jar:/home/atte/netbeans-7.0.1/java/modules/ext/cglib-2.2.jar:/home/atte/netbeans-7.0.1/java/modules/ext/spring-3.0/spring-aop-3.0.2.RELEASE.jar:/home/atte/netbeans-7.0.1/java/modules/ext/spring-3.0/spring-asm-3.0.2.RELEASE.jar:/home/atte/netbeans-7.0.1/java/modules/ext/spring-3.0/spring-aspects-3.0.2.RELEASE.jar:/home/atte/netbeans-7.0.1/java/modules/ext/spring-3.0/spring-beans-3.0.2.RELEASE.jar:/home/atte/netbeans-7.0.1/java/modules/ext/spring-3.0/spring-context-3.0.2.RELEASE.jar:/home/atte/netbeans-7.0.1/java/modules/ext/spring-3.0/spring-context-support-3.0.2.RELEASE.jar:/home/atte/netbeans-7.0.1/java/modules/ext/spring-3.0/spring-core-3.0.2.RELEASE.jar:/home/atte/netbeans-7.0.1/java/modules/ext/spring-3.0/spring-expression-3.0.2.RELEASE.jar:/home/atte/netbeans-7.0.1/java/modules/ext/spring-3.0/spring-instrument-3.0.2.RELEASE.jar:/home/atte/netbeans-7.0.1/java/modules/ext/spring-3.0/spring-instrument-tomcat-3.0.2.RELEASE.jar:/home/atte/netbeans-7.0.1/java/modules/ext/spring-3.0/spring-jdbc-3.0.2.RELEASE.jar:/home/atte/netbeans-7.0.1/java/modules/ext/spring-3.0/spring-jms-3.0.2.RELEASE.jar:/home/atte/netbeans-7.0.1/java/modules/ext/spring-3.0/spring-orm-3.0.2.RELEASE.jar:/home/atte/netbeans-7.0.1/java/modules/ext/spring-3.0/spring-oxm-3.0.2.RELEASE.jar:/home/atte/netbeans-7.0.1/java/modules/ext/spring-3.0/spring-test-3.0.2.RELEASE.jar:/home/atte/netbeans-7.0.1/java/modules/ext/spring-3.0/spring-tx-3.0.2.RELEASE.jar:/home/atte/netbeans-7.0.1/java/modules/ext/spring-3.0/spring-web-3.0.2.RELEASE.jar:/home/atte/netbeans-7.0.1/java/modules/ext/spring-3.0/spring-webmvc-portlet-3.0.2.RELEASE.jar:/home/atte/netbeans-7.0.1/java/modules/ext/spring-3.0/spring-webmvc-3.0.2.RELEASE.jar:/home/atte/netbeans-7.0.1/java/modules/ext/spring-3.0/spring-struts-3.0.2.RELEASE.jar" />
    <property name="libs.junit_4.javadoc" value="/home/atte/netbeans-7.0.1/java/docs/junit-4.8.2-api.zip" />
    <property name="endorsed.classpath" value="" />
    <property name="libs.spring-framework.src" value="" />
    <property name="netbeans.autoupdate.country" value="US" />
    <property name="libs.beans-binding.maven-pom" value="" />
    <property name="do.mkdist" value="true" />
    <property name="javadoc.encoding" value="UTF-8" />
    <property name="java.awt.printerjob" value="sun.print.PSPrinterJob" />
    <property name="ap.processors.internal" value="" />
    <property name="do.archive" value="true" />
    <property name="dist.jar" value="dist/Pasianssi.jar" />
    <property name="meta.inf.dir" value="src/META-INF" />
    <property name="ant.version" value="Apache Ant(TM) version 1.8.2 compiled on December 20 2010" />
    <property name="netbeans.home" value="/home/atte/netbeans-7.0.1/platform" />
    <property name="javadoc.nonavbar" value="false" />
    <property name="user.properties.file" value="/home/atte/.netbeans/7.0/build.properties" />
    <property name="libs.JWSAntTasks.classpath" value="/home/atte/netbeans-7.0.1/java/ant/extra/org-netbeans-modules-javawebstart-anttasks.jar" />
    <property name="libs.toplink.classpath" value="/home/atte/netbeans-7.0.1/java/modules/ext/toplink/toplink-essentials.jar:/home/atte/netbeans-7.0.1/java/modules/ext/toplink/toplink-essentials-agent.jar" />
    <property name="netbeans.importclass" value="org.netbeans.upgrade.AutoUpgrade" />
    <property name="libs.spring-framework.javadoc" value="" />
    <property name="libs.CopyLibs.maven-pom" value="" />
    <property name="annotation.processing.source.output" value="build/generated-sources/ap-source-output" />
    <property name="build.generated.dir" value="build/generated" />
    <property name="netbeans.home+have.tests" value="true" />
    <property name="libs.eclipselink.maven-pom" value="" />
    <property name="apple.awt.graphics.UseQuartz" value="true" />
    <property name="os.name" value="Linux" />
    <property name="java.specification.vendor" value="Sun Microsystems Inc." />
    <property name="run.test.classpath" value=":build/classes:/home/atte/netbeans-7.0.1/platform/modules/ext/junit-4.8.2.jar:build/test/classes" />
    <property name="libs.CopyLibs.src" value="" />
    <property name="java.vm.name" value="OpenJDK Server VM" />
    <property name="manifest.available-mkdist.available" value="true" />
    <property name="org.openide.version" value="deprecated" />
    <property name="libs.beans-binding.src" value="" />
    <property name="libs.junit.classpath" value="/home/atte/netbeans-7.0.1/java/modules/ext/junit-3.8.2.jar" />
    <property name="java.library.path" value="/usr/lib/jvm/java-6-openjdk/jre/lib/i386/server:/usr/lib/jvm/java-6-openjdk/jre/lib/i386:/usr/lib/jvm/java-6-openjdk/jre/../lib/i386:/usr/lib/jvm/java-6-openjdk/jre/lib/i386/client:/usr/lib/jvm/java-6-openjdk/jre/lib/i386:/usr/lib/jvm/java-6-openjdk/jre/../lib/i386:/usr/java/packages/lib/i386:/usr/lib/jni:/lib:/usr/lib" />
    <property name="ap.supported.internal" value="true" />
    <property name="libs.toplink.javadoc" value="" />
    <property name="libs.PostgreSQLDriver.javadoc" value="" />
    <property name="libs.eclipselinkmodelgen.maven-pom" value="" />
    <property name="ant.java.version" value="1.6" />
    <property name="basedir" value="/home/atte/NetBeansProjects/Pasianssi" />
    <property name="javadoc.noindex" value="false" />
    <property name="java.class.version" value="50.0" />
    <property name="sun.awt.exception.handler" value="org.netbeans.core.startup.TopLogging$AWTHandler" />
    <property name="javac.test.classpath" value=":build/classes:/home/atte/netbeans-7.0.1/platform/modules/ext/junit-4.8.2.jar" />
    <property name="javac.processorpath" value="" />
    <property name="ant.home" value="/home/atte/netbeans-7.0.1/java/ant" />
    <property name="libs.hibernate-persistence.src" value="" />
    <property name="javadoc.splitindex" value="true" />
    <property name="libs.toplink.src" value="" />
    <property name="javac.test.processorpath" value=":build/classes:/home/atte/netbeans-7.0.1/platform/modules/ext/junit-4.8.2.jar" />
    <property name="libs.javac-api.javadoc" value="" />
    <property name="javadoc.preview" value="true" />
    <property name="libs.MySQLDriver.maven-pom" value="" />
    <property name="libs.CopyLibs.javadoc" value="" />
    <property name="libs.PostgreSQLDriver.classpath" value="/home/atte/netbeans-7.0.1/ide/modules/ext/postgresql-8.3-603.jdbc3.jar" />
    <property name="jnlp.signing.keystore" value="" />
    <property name="junit.forkmode" value="perTest" />
    <property name="libs.junit_4.classpath" value="/home/atte/netbeans-7.0.1/platform/modules/ext/junit-4.8.2.jar" />
    <property name="libs.jaxws21.maven-pom" value="" />
    <property name="build.dir" value="build" />
    <property name="sun.boot.library.path" value="/usr/lib/jvm/java-6-openjdk/jre/lib/i386" />
    <property name="application.title" value="Pasianssi" />
    <property name="libs.TestNG-6.0.1.maven-pom" value="" />
    <property name="libs.swing-app-framework.classpath" value="/home/atte/netbeans-7.0.1/java/modules/ext/appframework-1.0.3.jar:/home/atte/netbeans-7.0.1/java/modules/ext/swing-worker-1.1.jar" />
    <property name="sun.management.compiler" value="HotSpot Tiered Compilers" />
    <property name="libs.ejb3-persistence.javadoc" value="" />
    <property name="java.awt.graphicsenv" value="sun.awt.X11GraphicsEnvironment" />
    <property name="javadoc.encoding.used" value="UTF-8" />
    <property name="javadoc.windowtitle" value="" />
    <property name="libs.hibernate-support.src" value="" />
    <property name="annotation.processing.enabled" value="true" />
    <property name="run.jvmargs" value="" />
    <property name="build.generated.sources.dir" value="build/generated-sources" />
    <property name="build.compiler.emacs" value="true" />
    <property name="ant.project.name" value="Pasianssi" />
    <property name="libs.spring-framework.classpath" value="/home/atte/netbeans-7.0.1/ide/modules/ext/commons-logging-1.1.jar:/home/atte/netbeans-7.0.1/java/modules/ext/cglib-2.2.jar:/home/atte/netbeans-7.0.1/java/modules/ext/spring/spring-2.5.6.SEC01.jar" />
    <property name="libs.swing-layout.classpath" value="/home/atte/netbeans-7.0.1/platform/modules/ext/swing-layout-1.0.4.jar" />
    <property name="org.openide.awt.SwingBrowserImpl.do-not-block-awt" value="false" />
    <property name="java.vm.specification.version" value="1.0" />
    <property name="libs.jaxb.classpath" value="/home/atte/netbeans-7.0.1/ide/modules/ext/jaxb/jaxb-impl.jar:/home/atte/netbeans-7.0.1/ide/modules/ext/jaxb/jaxb-xjc.jar:/home/atte/netbeans-7.0.1/ide/modules/ext/jaxb/jaxb1-impl.jar:/home/atte/netbeans-7.0.1/ide/modules/ext/jaxb/activation.jar:/home/atte/netbeans-7.0.1/ide/modules/ext/jaxb/api/jaxb-api.jar:/home/atte/netbeans-7.0.1/ide/modules/ext/jaxb/api/jsr173_api.jar" />
    <property name="work.dir" value="/home/atte/NetBeansProjects/Pasianssi" />
    <property name="manifest.available+main.class-mkdist.available" value="true" />
    <property name="javadoc.use" value="true" />
    <property name="sun.cpu.isalist" value="" />
    <property name="securerandom.source" value="file:/dev/./urandom" />
    <property name="java.ext.dirs" value="/usr/lib/jvm/java-6-openjdk/jre/lib/ext:/usr/java/packages/lib/ext" />
    <property name="os.version" value="2.6.39.1.avl.1" />
    <property name="excludes" value="" />
    <property name="ant.file.Pasianssi" value="/home/atte/NetBeansProjects/Pasianssi/build.xml" />
    <property name="user.home" value="/home/atte" />
    <property name="jnlp.descriptor" value="application" />
    <property name="org.xml.sax.driver" value="com.sun.org.apache.xerces.internal.jaxp.SAXParserImpl$JAXPSAXParser" />
    <property name="java.vm.vendor" value="Sun Microsystems Inc." />
    <property name="libs.absolutelayout.maven-pom" value="" />
    <property name="user.dir" value="/home/atte/NetBeansProjects/Pasianssi" />
    <property name="debug-transport" value="dt_socket" />
    <property name="libs.ejb3-persistence.maven-pom" value="" />
    <property name="application.args" value="" />
    <property name="sun.cpu.endian" value="little" />
    <property name="compile.on.save" value="true" />
    <property name="libs.hibernate-support.classpath" value="/home/atte/netbeans-7.0.1/java/modules/ext/hibernate/antlr-2.7.6.jar:/home/atte/netbeans-7.0.1/java/modules/ext/hibernate/asm.jar:/home/atte/netbeans-7.0.1/java/modules/ext/hibernate/asm-attrs.jar:/home/atte/netbeans-7.0.1/java/modules/ext/hibernate/cglib-2.1.3.jar:/home/atte/netbeans-7.0.1/java/modules/ext/hibernate/commons-collections-2.1.1.jar:/home/atte/netbeans-7.0.1/ide/modules/ext/commons-logging-1.1.jar:/home/atte/netbeans-7.0.1/java/modules/ext/hibernate/dom4j-1.6.1.jar:/home/atte/netbeans-7.0.1/java/modules/ext/hibernate/ehcache-1.2.3.jar:/home/atte/netbeans-7.0.1/java/modules/ext/hibernate/jdbc2_0-stdext.jar:/home/atte/netbeans-7.0.1/java/modules/ext/hibernate/jta.jar:/home/atte/netbeans-7.0.1/java/modules/ext/hibernate/hibernate3.jar:/home/atte/netbeans-7.0.1/java/modules/ext/hibernate/hibernate-tools.jar:/home/atte/netbeans-7.0.1/java/modules/ext/hibernate/hibernate-annotations.jar:/home/atte/netbeans-7.0.1/java/modules/ext/hibernate/hibernate-commons-annotations.jar:/home/atte/netbeans-7.0.1/java/modules/ext/hibernate/hibernate-entitymanager.jar:/home/atte/netbeans-7.0.1/java/modules/ext/hibernate/javassist.jar" />
    <property name="ignore.failing.tests" value="true" />
    <property name="endorsed.classpath.cmd.line.arg" value="" />
    <property name="libs.eclipselinkmodelgen.javadoc" value="" />
    <property name="jar.index" value="false" />
    <property name="libs.spring-framework300.javadoc" value="" />
    <property name="libs.MySQLDriver.src" value="" />
    <property name="jnlp.offline-allowed" value="false" />
    <property name="java.vm.version" value="14.0-b16" />
    <property name="libs.hibernate-persistence.classpath" value="/home/atte/netbeans-7.0.1/java/modules/ext/hibernate/antlr-2.7.6.jar:/home/atte/netbeans-7.0.1/java/modules/ext/hibernate/asm.jar:/home/atte/netbeans-7.0.1/java/modules/ext/hibernate/asm-attrs.jar:/home/atte/netbeans-7.0.1/java/modules/ext/hibernate/cglib-2.1.3.jar:/home/atte/netbeans-7.0.1/java/modules/ext/hibernate/commons-collections-2.1.1.jar:/home/atte/netbeans-7.0.1/ide/modules/ext/commons-logging-1.1.jar:/home/atte/netbeans-7.0.1/java/modules/ext/hibernate/dom4j-1.6.1.jar:/home/atte/netbeans-7.0.1/java/modules/ext/hibernate/ehcache-1.2.3.jar:/home/atte/netbeans-7.0.1/java/modules/ext/hibernate/jdbc2_0-stdext.jar:/home/atte/netbeans-7.0.1/java/modules/ext/hibernate/jta.jar:/home/atte/netbeans-7.0.1/java/modules/ext/hibernate/hibernate3.jar:/home/atte/netbeans-7.0.1/java/modules/ext/hibernate/hibernate-tools.jar:/home/atte/netbeans-7.0.1/java/modules/ext/hibernate/hibernate-annotations.jar:/home/atte/netbeans-7.0.1/java/modules/ext/hibernate/hibernate-commons-annotations.jar:/home/atte/netbeans-7.0.1/java/modules/ext/hibernate/hibernate-entitymanager.jar:/home/atte/netbeans-7.0.1/java/modules/ext/hibernate/javassist.jar:/home/atte/netbeans-7.0.1/java/modules/ext/hibernate/ejb3-persistence.jar" />
    <property name="java.class.path" value="/home/atte/NetBeansProjects/Pasianssi/build/classes:/home/atte/netbeans-7.0.1/platform/modules/ext/junit-4.8.2.jar:/home/atte/NetBeansProjects/Pasianssi/build/test/classes:/home/atte/netbeans-7.0.1/java/ant/lib/ant-launcher.jar:/home/atte/netbeans-7.0.1/java/ant/lib/ant.jar:/home/atte/netbeans-7.0.1/java/ant/lib/ant-junit.jar:/home/atte/netbeans-7.0.1/java/ant/lib/ant-junit4.jar" />
    <property name="annotation.processing.processor.options" value="" />
    <property name="os.arch" value="i386" />
    <property name="javac.deprecation" value="false" />
    <property name="build.classes.excludes" value="**/*.java,**/*.form" />
    <property name="dist.dir" value="dist" />
    <property name="netbeans.user" value="/home/atte/.netbeans/7.0" />
    <property name="debug.classpath" value=":build/classes" />
    <property name="sun.java.launcher" value="SUN_STANDARD" />
    <property name="jar.index.metainf" value="false" />
    <property name="jnlp.codebase.type" value="no.codebase" />
    <property name="annotation.processing.enabled.in.editor" value="false" />
    <property name="ant.core.lib" value="/home/atte/netbeans-7.0.1/java/ant/lib/ant.jar" />
    <property name="jnlp.signed" value="false" />
    <property name="java.vm.specification.vendor" value="Sun Microsystems Inc." />
    <property name="do.depend" value="false" />
    <property name="file.separator" value="/" />
    <property name="java.runtime.version" value="1.6.0_18-b18" />
    <property name="sun.boot.class.path" value="/usr/lib/jvm/java-6-openjdk/jre/lib/resources.jar:/usr/lib/jvm/java-6-openjdk/jre/lib/rt.jar:/usr/lib/jvm/java-6-openjdk/jre/lib/sunrsasign.jar:/usr/lib/jvm/java-6-openjdk/jre/lib/jsse.jar:/usr/lib/jvm/java-6-openjdk/jre/lib/jce.jar:/usr/lib/jvm/java-6-openjdk/jre/lib/charsets.jar:/usr/lib/jvm/java-6-openjdk/jre/lib/rhino.jar:/usr/lib/jvm/java-6-openjdk/jre/classes" />
    <property name="debug.test.classpath" value=":build/classes:/home/atte/netbeans-7.0.1/platform/modules/ext/junit-4.8.2.jar:build/test/classes" />
    <property name="javax.accessibility.assistive_technologies" value="org.GNOME.Accessibility.JavaBridge" />
    <property name="libs.beans-binding.classpath" value="/home/atte/netbeans-7.0.1/java/modules/ext/beansbinding-1.2.1.jar" />
    <property name="main.class" value="" />
    <property name="have.tests" value="true" />
    <property name="jar.archive.disabled" value="false" />
    <property name="libs.JWSAntTasks.maven-pom" value="" />
    <property name="java.util.logging.config.class" value="org.netbeans.core.startup.TopLogging" />
    <property name="libs.javac-api.classpath" value="/home/atte/netbeans-7.0.1/java/modules/ext/javac-api-nb-7.0-b07.jar" />
    <property name="user.country" value="US" />
    <property name="javadoc.notree" value="false" />
    <property name="libs.spring-framework300.maven-pom" value="" />
    <property name="libs.jaxws21.javadoc" value="/home/atte/netbeans-7.0.1/java/docs/jaxws-api-doc.zip" />
    <property name="javadoc.additionalparam" value="" />
    <property name="default.javac.target" value="1.6" />
    <property name="javac.classpath" value="" />
    <property name="build.classes.dir" value="build/classes" />
    <property name="do.archive+manifest.available" value="true" />
    <property name="libs.swing-layout.javadoc" value="/home/atte/netbeans-7.0.1/platform/docs/swing-layout-1.0.4-doc.zip" />
    <property name="libs.swing-layout.src" value="/home/atte/netbeans-7.0.1/platform/docs/swing-layout-1.0.4-src.zip" />
    <property name="java.vendor" value="Sun Microsystems Inc." />
    <property name="javac.target" value="1.6" />
    <property name="libs.eclipselink.classpath" value="/home/atte/netbeans-7.0.1/java/modules/ext/eclipselink/eclipselink-2.2.0.jar:/home/atte/netbeans-7.0.1/java/modules/ext/eclipselink/eclipselink-javax.persistence-2.0.jar" />
    <property name="runtime.encoding" value="UTF-8" />
    <property name="libs.swing-app-framework.src" value="" />
    <property name="java.specification.version" value="1.6" />
    <property name="libs.JWSAntTasks.javadoc" value="" />
    <property name="sun.arch.data.model" value="32" />
    <property name="mkdist.disabled" value="false" />
  </properties>
  <testcase classname="Korttipakka.PelipakkaTest" name="isEmpty" time="0.005" />
  <testcase classname="Korttipakka.PelipakkaTest" name="YlinKorttiVaarinpainPaallimmainenOikeinPainFalse" time="0.0" />
  <testcase classname="Korttipakka.PelipakkaTest" name="YlinKorttiOikeinPaallimmainenOikeinPainTrue" time="0.0" />
  <testcase classname="Korttipakka.PelipakkaTest" name="LisaaminenJaPoistoToimii" time="0.0" />
  <testcase classname="Korttipakka.PelipakkaTest" name="voikoLaittaaMetodiToimiiOdotetustiJosNumerotEiTäsmää" time="0.0" />
  <testcase classname="Korttipakka.PelipakkaTest" name="voikoLaittaaMetodiToimiiOdotetustiJosMaatEiTäsmää" time="0.001" />
  <testcase classname="Korttipakka.PelipakkaTest" name="LaillinenLisaaminenOnnistuu" time="0.0" />
  <testcase classname="Korttipakka.PelipakkaTest" name="TyhjataanAlapinoKaantamallaKorttiKerrallaanYlapinoonJaPoistamalla" time="0.0" />
  <system-out><![CDATA[]]></system-out>
  <system-err><![CDATA[]]></system-err>
</testsuite>
